<?xml version="1.0" encoding="UTF-8"?>
<testsuite xmlns:xsi="http://www.w3.org/2001/XMLSchema-instance" xsi:noNamespaceSchemaLocation="https://maven.apache.org/surefire/maven-surefire-plugin/xsd/surefire-test-report.xsd" name="com.pms.test.UserTest" time="1.769" tests="1" errors="0" skipped="0" failures="0">
  <properties>
    <property name="sun.desktop" value="windows"/>
    <property name="awt.toolkit" value="sun.awt.windows.WToolkit"/>
    <property name="file.encoding.pkg" value="sun.io"/>
    <property name="java.specification.version" value="1.8"/>
    <property name="sun.cpu.isalist" value="amd64"/>
    <property name="sun.jnu.encoding" value="GBK"/>
    <property name="java.class.path" value="D:\work space\idea-workspace\pms\target\test-classes;D:\work space\idea-workspace\pms\target\classes;D:\Program\Maven\repository\junit\junit\4.12\junit-4.12.jar;D:\Program\Maven\repository\org\hamcrest\hamcrest-core\1.3\hamcrest-core-1.3.jar;D:\Program\Maven\repository\org\springframework\spring-core\5.1.5.RELEASE\spring-core-5.1.5.RELEASE.jar;D:\Program\Maven\repository\org\springframework\spring-jcl\5.1.5.RELEASE\spring-jcl-5.1.5.RELEASE.jar;D:\Program\Maven\repository\org\springframework\spring-beans\5.1.5.RELEASE\spring-beans-5.1.5.RELEASE.jar;D:\Program\Maven\repository\org\springframework\spring-aop\5.1.5.RELEASE\spring-aop-5.1.5.RELEASE.jar;D:\Program\Maven\repository\org\aspectj\aspectjrt\1.9.1\aspectjrt-1.9.1.jar;D:\Program\Maven\repository\org\aspectj\aspectjweaver\1.9.1\aspectjweaver-1.9.1.jar;D:\Program\Maven\repository\org\springframework\spring-context\5.1.5.RELEASE\spring-context-5.1.5.RELEASE.jar;D:\Program\Maven\repository\org\springframework\spring-context-support\5.1.5.RELEASE\spring-context-support-5.1.5.RELEASE.jar;D:\Program\Maven\repository\org\springframework\spring-web\5.1.5.RELEASE\spring-web-5.1.5.RELEASE.jar;D:\Program\Maven\repository\org\springframework\spring-webmvc\5.1.5.RELEASE\spring-webmvc-5.1.5.RELEASE.jar;D:\Program\Maven\repository\org\springframework\spring-tx\5.1.5.RELEASE\spring-tx-5.1.5.RELEASE.jar;D:\Program\Maven\repository\org\springframework\spring-jdbc\5.1.5.RELEASE\spring-jdbc-5.1.5.RELEASE.jar;D:\Program\Maven\repository\org\springframework\spring-expression\5.1.5.RELEASE\spring-expression-5.1.5.RELEASE.jar;D:\Program\Maven\repository\org\springframework\spring-test\5.1.5.RELEASE\spring-test-5.1.5.RELEASE.jar;D:\Program\Maven\repository\org\mybatis\mybatis\3.4.6\mybatis-3.4.6.jar;D:\Program\Maven\repository\org\mybatis\mybatis-spring\1.3.2\mybatis-spring-1.3.2.jar;D:\Program\Maven\repository\mysql\mysql-connector-java\5.1.47\mysql-connector-java-5.1.47.jar;D:\Program\Maven\repository\log4j\log4j\1.2.17\log4j-1.2.17.jar;D:\Program\Maven\repository\com\fasterxml\jackson\core\jackson-databind\2.10.0\jackson-databind-2.10.0.jar;D:\Program\Maven\repository\com\fasterxml\jackson\core\jackson-core\2.10.0\jackson-core-2.10.0.jar;D:\Program\Maven\repository\com\fasterxml\jackson\core\jackson-annotations\2.10.0\jackson-annotations-2.10.0.jar;D:\Program\Maven\repository\javax\servlet\jstl\1.2\jstl-1.2.jar;D:\Program\Maven\repository\commons-fileupload\commons-fileupload\1.3.3\commons-fileupload-1.3.3.jar;D:\Program\Maven\repository\commons-io\commons-io\2.4\commons-io-2.4.jar;D:\Program\Maven\repository\com\github\pagehelper\pagehelper\5.1.2\pagehelper-5.1.2.jar;D:\Program\Maven\repository\com\github\jsqlparser\jsqlparser\1.0\jsqlparser-1.0.jar;"/>
    <property name="java.vm.vendor" value="Oracle Corporation"/>
    <property name="sun.arch.data.model" value="64"/>
    <property name="user.variant" value=""/>
    <property name="java.vendor.url" value="http://java.oracle.com/"/>
    <property name="user.timezone" value="Asia/Shanghai"/>
    <property name="java.vm.specification.version" value="1.8"/>
    <property name="os.name" value="Windows 10"/>
    <property name="user.country" value="CN"/>
    <property name="sun.java.launcher" value="SUN_STANDARD"/>
    <property name="sun.boot.library.path" value="D:\Program\Java\jdk1.8.0_202\jre\bin"/>
    <property name="sun.java.command" value="C:\Users\16559\AppData\Local\Temp\surefire2208775182880511851\surefirebooter767304788152027028.jar C:\Users\16559\AppData\Local\Temp\surefire2208775182880511851 2019-11-08T15-58-13_130-jvmRun1 surefire6143741527200216374tmp surefire_05794742990416458819tmp"/>
    <property name="surefire.test.class.path" value="D:\work space\idea-workspace\pms\target\test-classes;D:\work space\idea-workspace\pms\target\classes;D:\Program\Maven\repository\junit\junit\4.12\junit-4.12.jar;D:\Program\Maven\repository\org\hamcrest\hamcrest-core\1.3\hamcrest-core-1.3.jar;D:\Program\Maven\repository\org\springframework\spring-core\5.1.5.RELEASE\spring-core-5.1.5.RELEASE.jar;D:\Program\Maven\repository\org\springframework\spring-jcl\5.1.5.RELEASE\spring-jcl-5.1.5.RELEASE.jar;D:\Program\Maven\repository\org\springframework\spring-beans\5.1.5.RELEASE\spring-beans-5.1.5.RELEASE.jar;D:\Program\Maven\repository\org\springframework\spring-aop\5.1.5.RELEASE\spring-aop-5.1.5.RELEASE.jar;D:\Program\Maven\repository\org\aspectj\aspectjrt\1.9.1\aspectjrt-1.9.1.jar;D:\Program\Maven\repository\org\aspectj\aspectjweaver\1.9.1\aspectjweaver-1.9.1.jar;D:\Program\Maven\repository\org\springframework\spring-context\5.1.5.RELEASE\spring-context-5.1.5.RELEASE.jar;D:\Program\Maven\repository\org\springframework\spring-context-support\5.1.5.RELEASE\spring-context-support-5.1.5.RELEASE.jar;D:\Program\Maven\repository\org\springframework\spring-web\5.1.5.RELEASE\spring-web-5.1.5.RELEASE.jar;D:\Program\Maven\repository\org\springframework\spring-webmvc\5.1.5.RELEASE\spring-webmvc-5.1.5.RELEASE.jar;D:\Program\Maven\repository\org\springframework\spring-tx\5.1.5.RELEASE\spring-tx-5.1.5.RELEASE.jar;D:\Program\Maven\repository\org\springframework\spring-jdbc\5.1.5.RELEASE\spring-jdbc-5.1.5.RELEASE.jar;D:\Program\Maven\repository\org\springframework\spring-expression\5.1.5.RELEASE\spring-expression-5.1.5.RELEASE.jar;D:\Program\Maven\repository\org\springframework\spring-test\5.1.5.RELEASE\spring-test-5.1.5.RELEASE.jar;D:\Program\Maven\repository\org\mybatis\mybatis\3.4.6\mybatis-3.4.6.jar;D:\Program\Maven\repository\org\mybatis\mybatis-spring\1.3.2\mybatis-spring-1.3.2.jar;D:\Program\Maven\repository\mysql\mysql-connector-java\5.1.47\mysql-connector-java-5.1.47.jar;D:\Program\Maven\repository\log4j\log4j\1.2.17\log4j-1.2.17.jar;D:\Program\Maven\repository\com\fasterxml\jackson\core\jackson-databind\2.10.0\jackson-databind-2.10.0.jar;D:\Program\Maven\repository\com\fasterxml\jackson\core\jackson-core\2.10.0\jackson-core-2.10.0.jar;D:\Program\Maven\repository\com\fasterxml\jackson\core\jackson-annotations\2.10.0\jackson-annotations-2.10.0.jar;D:\Program\Maven\repository\javax\servlet\jstl\1.2\jstl-1.2.jar;D:\Program\Maven\repository\commons-fileupload\commons-fileupload\1.3.3\commons-fileupload-1.3.3.jar;D:\Program\Maven\repository\commons-io\commons-io\2.4\commons-io-2.4.jar;D:\Program\Maven\repository\com\github\pagehelper\pagehelper\5.1.2\pagehelper-5.1.2.jar;D:\Program\Maven\repository\com\github\jsqlparser\jsqlparser\1.0\jsqlparser-1.0.jar;"/>
    <property name="sun.cpu.endian" value="little"/>
    <property name="user.home" value="C:\Users\16559"/>
    <property name="user.language" value="zh"/>
    <property name="java.specification.vendor" value="Oracle Corporation"/>
    <property name="java.home" value="D:\Program\Java\jdk1.8.0_202\jre"/>
    <property name="basedir" value="D:\work space\idea-workspace\pms"/>
    <property name="file.separator" value="\"/>
    <property name="line.separator" value="&#10;"/>
    <property name="java.vm.specification.vendor" value="Oracle Corporation"/>
    <property name="java.specification.name" value="Java Platform API Specification"/>
    <property name="java.awt.graphicsenv" value="sun.awt.Win32GraphicsEnvironment"/>
    <property name="surefire.real.class.path" value="C:\Users\16559\AppData\Local\Temp\surefire2208775182880511851\surefirebooter767304788152027028.jar"/>
    <property name="sun.boot.class.path" value="D:\Program\Java\jdk1.8.0_202\jre\lib\resources.jar;D:\Program\Java\jdk1.8.0_202\jre\lib\rt.jar;D:\Program\Java\jdk1.8.0_202\jre\lib\sunrsasign.jar;D:\Program\Java\jdk1.8.0_202\jre\lib\jsse.jar;D:\Program\Java\jdk1.8.0_202\jre\lib\jce.jar;D:\Program\Java\jdk1.8.0_202\jre\lib\charsets.jar;D:\Program\Java\jdk1.8.0_202\jre\lib\jfr.jar;D:\Program\Java\jdk1.8.0_202\jre\classes"/>
    <property name="user.script" value=""/>
    <property name="sun.management.compiler" value="HotSpot 64-Bit Tiered Compilers"/>
    <property name="java.runtime.version" value="1.8.0_202-b08"/>
    <property name="user.name" value="admin"/>
    <property name="path.separator" value=";"/>
    <property name="os.version" value="10.0"/>
    <property name="java.endorsed.dirs" value="D:\Program\Java\jdk1.8.0_202\jre\lib\endorsed"/>
    <property name="java.runtime.name" value="Java(TM) SE Runtime Environment"/>
    <property name="file.encoding" value="GBK"/>
    <property name="java.vm.name" value="Java HotSpot(TM) 64-Bit Server VM"/>
    <property name="localRepository" value="D:\Program\Maven\repository"/>
    <property name="java.vendor.url.bug" value="http://bugreport.sun.com/bugreport/"/>
    <property name="java.io.tmpdir" value="C:\Users\16559\AppData\Local\Temp\"/>
    <property name="java.version" value="1.8.0_202"/>
    <property name="user.dir" value="D:\work space\idea-workspace\pms"/>
    <property name="os.arch" value="amd64"/>
    <property name="java.vm.specification.name" value="Java Virtual Machine Specification"/>
    <property name="java.awt.printerjob" value="sun.awt.windows.WPrinterJob"/>
    <property name="sun.os.patch.level" value=""/>
    <property name="idea.version2019.2" value="true"/>
    <property name="java.library.path" value="D:\Program\Java\jdk1.8.0_202\jre\bin;C:\WINDOWS\Sun\Java\bin;C:\WINDOWS\system32;C:\WINDOWS;D:\Program\IntelliJ IDEA 2019.2\jbr\\bin;D:\Program\IntelliJ IDEA 2019.2\jbr\\bin\server;C:\Program Files (x86)\Common Files\Oracle\Java\javapath;C:\Windows\system32;C:\Windows;C:\Windows\System32\Wbem;C:\Windows\System32\WindowsPowerShell\v1.0\;C:\Program Files (x86)\NVIDIA Corporation\PhysX\Common;D:\Program\Java\jdk1.8.0_202\bin;D:\Program\Java\jdk1.8.0_202\jre\bin;C:\WINDOWS\system32;C:\WINDOWS;C:\WINDOWS\System32\Wbem;C:\WINDOWS\System32\WindowsPowerShell\v1.0\;C:\WINDOWS\System32\OpenSSH\;D:\Program\Git\cmd;D:\Program\Maven\apache-maven-3.6.1\bin;D:\Program\apache-tomcat-8.5.39\lib;D:\Program\apache-tomcat-8.5.39\bin;C:\Program Files\nodejs\;C:\Users\16559\AppData\Local\Microsoft\WindowsApps;C:\Users\16559\AppData\Roaming\npm;;."/>
    <property name="java.vm.info" value="mixed mode"/>
    <property name="java.vendor" value="Oracle Corporation"/>
    <property name="java.vm.version" value="25.202-b08"/>
    <property name="java.ext.dirs" value="D:\Program\Java\jdk1.8.0_202\jre\lib\ext;C:\WINDOWS\Sun\Java\lib\ext"/>
    <property name="sun.io.unicode.encoding" value="UnicodeLittle"/>
    <property name="java.class.version" value="52.0"/>
  </properties>
  <testcase name="listTest" classname="com.pms.test.UserTest" time="0.007"/>
</testsuite>